<?xml version="1.0" encoding="UTF-8"?>
<!-- Generated by org.testng.reporters.JUnitReportReporter -->
<testsuite hostname="Krishnas-MacBook-Pro.local" failures="0" tests="20" name="RunnerFile.RunnerClass" time="26.319" errors="0" timestamp="2023-07-21T00:12:23 EDT" skipped="0">
  <testcase classname="RunnerFile.RunnerClass" name="runScenario" time="1.987"/>
  <system-out/>
  <testcase classname="RunnerFile.RunnerClass" name="runScenario" time="1.635"/>
  <system-out/>
  <testcase classname="RunnerFile.RunnerClass" name="runScenario" time="0.386"/>
  <system-out/>
  <testcase classname="RunnerFile.RunnerClass" name="runScenario" time="1.595"/>
  <system-out/>
  <testcase classname="RunnerFile.RunnerClass" name="runScenario" time="0.651"/>
  <system-out/>
  <testcase classname="RunnerFile.RunnerClass" name="runScenario" time="0.664"/>
  <system-out/>
  <testcase classname="RunnerFile.RunnerClass" name="runScenario" time="0.565"/>
  <system-out/>
  <testcase classname="RunnerFile.RunnerClass" name="runScenario" time="1.591"/>
  <system-out/>
  <testcase classname="RunnerFile.RunnerClass" name="runScenario" time="8.746"/>
  <system-out/>
  <testcase classname="RunnerFile.RunnerClass" name="runScenario" time="0.576"/>
  <system-out/>
  <testcase classname="RunnerFile.RunnerClass" name="runScenario" time="0.587"/>
  <system-out/>
  <testcase classname="RunnerFile.RunnerClass" name="runScenario" time="0.477"/>
  <system-out/>
  <testcase classname="RunnerFile.RunnerClass" name="runScenario" time="0.607"/>
  <system-out/>
  <testcase classname="RunnerFile.RunnerClass" name="runScenario" time="1.507"/>
  <system-out/>
  <testcase classname="RunnerFile.RunnerClass" name="runScenario" time="0.500"/>
  <system-out/>
  <testcase classname="RunnerFile.RunnerClass" name="runScenario" time="0.899"/>
  <system-out/>
  <testcase classname="RunnerFile.RunnerClass" name="runScenario" time="1.558"/>
  <system-out/>
  <testcase classname="RunnerFile.RunnerClass" name="runScenario" time="0.745"/>
  <system-out/>
  <testcase classname="RunnerFile.RunnerClass" name="runScenario" time="0.541"/>
  <system-out/>
  <testcase classname="RunnerFile.RunnerClass" name="runScenario" time="0.502"/>
  <system-out/>
</testsuite> <!-- RunnerFile.RunnerClass -->
